[2026-06-22 23:51:09] COMMAND
bash -lc '
set -e
cd /hy-tmp/maze-train-ai-bot
mkdir -p logs artifacts/hf_lora
cat > /hy-tmp/maze-train-ai-bot/run_train_alphamaze_lora_cached.sh <<'"'"'SCRIPT'"'"'
#!/usr/bin/env bash
set -euo pipefail
cd /hy-tmp/maze-train-ai-bot
source /hy-tmp/miniconda3/etc/profile.d/conda.sh
conda activate maze-agent
export HF_HUB_OFFLINE=1
export TRANSFORMERS_OFFLINE=1
export HF_HUB_DISABLE_XET=1
export TOKENIZERS_PARALLELISM=false
python scripts/hf_lora_train_alpha_maze_compat.py \
  --data train/hf_sft_messages.jsonl \
  --out artifacts/hf_lora/alphamaze-course-lora-main \
  --max-samples 3986 \
  --max-steps 300 \
  --seq-len 1536

SCRIPT
chmod +x /hy-tmp/maze-train-ai-bot/run_train_alphamaze_lora_cached.sh
nohup bash /hy-tmp/maze-train-ai-bot/run_train_alphamaze_lora_cached.sh > /hy-tmp/maze-train-ai-bot/logs/train_alphamaze_lora_cached.log 2>&1 &
echo $! > /hy-tmp/maze-train-ai-bot/logs/train_alphamaze_lora_cached.pid
echo started_train_pid=$(cat /hy-tmp/maze-train-ai-bot/logs/train_alphamaze_lora_cached.pid)
echo train_log=/hy-tmp/maze-train-ai-bot/logs/train_alphamaze_lora_cached.log
'

started_train_pid=176534
train_log=/hy-tmp/maze-train-ai-bot/logs/train_alphamaze_lora_cached.log

[2026-06-22 23:51:10] EXIT 0
